[2025-09-15 11:04:16] LOGIN username=restu
[2025-09-15 11:08:09] aksi=Barang Keluar tabel=transaksi_out data_id=2413 user_id=5 username=restu ket=FITTING ELBOW 3/8" JIC (MMS-FE-06JIC), qty: 2
[2025-09-15 11:08:09] aksi=Barang Keluar tabel=transaksi_out data_id=2414 user_id=5 username=restu ket=FITTING ELBOW 1/2" JIC (MMS-FE-08JIC), qty: 1
[2025-09-15 11:08:09] aksi=Barang Keluar tabel=transaksi_out data_id=2415 user_id=5 username=restu ket=FITTING STRAIGHT 1¼" JIC (MMS-FS-20JIC), qty: 4
[2025-09-15 11:08:09] aksi=Barang Keluar tabel=transaksi_out data_id=2416 user_id=5 username=restu ket=FITTING STRAIGHT 3/8" JIC (MMS-FS-06JIC), qty: 3
[2025-09-15 11:08:09] aksi=Barang Keluar tabel=transaksi_out data_id=2417 user_id=5 username=restu ket=FITTING STRAIGHT 3/4" JIC (MMS-FS-12JIC), qty: 1
[2025-09-15 11:08:09] aksi=Barang Keluar tabel=transaksi_out data_id=2418 user_id=5 username=restu ket=FERULE 1" R1 (MMS-FRL-16-R1), qty: 36
[2025-09-15 11:08:09] aksi=Barang Keluar tabel=transaksi_out data_id=2419 user_id=5 username=restu ket=FERULE 3/4" R1 (MMS-FRL-12-R1), qty: 2
[2025-09-15 11:08:09] aksi=Barang Keluar tabel=transaksi_out data_id=2420 user_id=5 username=restu ket=FERULE 1/2" R1 (MMS-FRL-08-R1), qty: 12
[2025-09-15 11:08:09] aksi=Barang Keluar tabel=transaksi_out data_id=2421 user_id=5 username=restu ket=FERULE 3/8" R1 (MMS-FRL-06-R1), qty: 16
[2025-09-15 11:08:09] aksi=Barang Keluar tabel=transaksi_out data_id=2422 user_id=5 username=restu ket=FERULE 3/8" R2 (MMS-FRL-06-R2), qty: 2
[2025-09-15 11:10:38] aksi=Barang Keluar tabel=transaksi_out data_id=2423 user_id=5 username=restu ket=BLIM PU BLACK (MMS-BLIM-BLK), qty: 20
[2025-09-15 11:10:38] aksi=Barang Keluar tabel=transaksi_out data_id=2424 user_id=5 username=restu ket=BLIM PU YELLOW (MMS-BLIM-Y), qty: 20
[2025-09-15 11:10:38] aksi=Barang Keluar tabel=transaksi_out data_id=2425 user_id=5 username=restu ket=THINNER HG (MMS-THINNER-HG), qty: 20
[2025-09-15 11:10:38] aksi=Barang Keluar tabel=transaksi_out data_id=2426 user_id=5 username=restu ket=THINNER PU (THINNER -PU), qty: 20
[2025-09-15 11:10:38] aksi=Barang Keluar tabel=transaksi_out data_id=2427 user_id=5 username=restu ket=DEMPUL ALFA (MMS-NT-DA), qty: 1
[2025-09-15 11:10:38] aksi=Barang Keluar tabel=transaksi_out data_id=2428 user_id=5 username=restu ket=DEMPUL ALFA (MMS-NT-DA), qty: 2
[2025-09-15 11:10:38] aksi=Barang Keluar tabel=transaksi_out data_id=2429 user_id=5 username=restu ket=BASE WHITE (SIGMADUR-550), qty: 8
[2025-09-15 11:39:50] aksi=Barang Keluar tabel=transaksi_out data_id=2430 user_id=5 username=restu ket=DEMPUL ALFA (MMS-NT-DA), qty: 48
[2025-09-15 11:39:50] aksi=Barang Keluar tabel=transaksi_out data_id=2431 user_id=5 username=restu ket=THINNER HG (MMS-THINNER-HG), qty: 20
[2025-09-15 11:39:50] aksi=Barang Keluar tabel=transaksi_out data_id=2432 user_id=5 username=restu ket=THINNER PU (THINNER -PU), qty: 20
[2025-09-15 11:39:50] aksi=Barang Keluar tabel=transaksi_out data_id=2433 user_id=5 username=restu ket=AMPLAS GERINDA 4" (MMS-NT-AG), qty: 5
[2025-09-15 11:39:50] aksi=Barang Keluar tabel=transaksi_out data_id=2434 user_id=5 username=restu ket=AMPLAS GERINDA 4" (MMS-NT-AG), qty: 5
[2025-09-15 11:39:50] aksi=Barang Keluar tabel=transaksi_out data_id=2435 user_id=5 username=restu ket=DEMPUL ALFA (MMS-NT-DA), qty: 16
[2025-09-15 11:39:50] aksi=Barang Keluar tabel=transaksi_out data_id=2436 user_id=5 username=restu ket=DEPRESSED CENTEL WHEEL 4" (DCW-K-4), qty: 1
[2025-09-15 11:39:50] aksi=Barang Keluar tabel=transaksi_out data_id=2437 user_id=5 username=restu ket=BASE WHITE (SIGMADUR-550), qty: 15
[2025-09-15 11:39:50] aksi=Barang Keluar tabel=transaksi_out data_id=2438 user_id=5 username=restu ket=AMPLAS NIKKEN 240 (MMS-L-AN-240), qty: 15
[2025-09-15 11:39:50] aksi=Barang Keluar tabel=transaksi_out data_id=2439 user_id=5 username=restu ket=LAKBAN KERTAS (MMS-L-KERTAS), qty: 10
[2025-09-15 11:39:50] aksi=Barang Keluar tabel=transaksi_out data_id=2440 user_id=5 username=restu ket=STP 3123 WHITE (MMS-K-SS-WHITE), qty: 4
[2025-09-15 11:39:50] aksi=Barang Keluar tabel=transaksi_out data_id=2441 user_id=5 username=restu ket=EPOXY SURFACER BELCO BP200 (EP-SB-BP-200), qty: 10
[2025-09-15 11:39:50] aksi=Barang Keluar tabel=transaksi_out data_id=2442 user_id=5 username=restu ket=AMPLAS ROLL 80 (MMS-K-AR-80), qty: 1
